=== Evolution Round Summary ===
Timestamp: 2026-07-07T12:32:12+08:00
Status: 本轮空闲

Actions Executed:
- sync_fitness: ok
- get_introspection_report: ok
- detect_capability_gaps: ok

Metrics:
- avg_fitness: 0.8747114572629586
- total_capabilities: 26
- weak_capabilities: 0
- dormant_capabilities: 23
- gaps: 0

Skipped (idle stop rule: no weak capabilities and no gaps):
- get_failure_context
- apply_mutation
- get_gap_context / register_genome
- eliminate_dormant

Dormant Capabilities (23):
rustc_ops-v2, git_workflow_optimizer, rg_ops, pip3_ops-v2, npm_ops-v2,
http_requests_ops, py_numpy_ops-v3, make_ops, py_pandas_ops-v2, dep_track-v3,
py_sympy_ops-v2, cmake_ops, temporal_causal_analyzer-v3, brew_ops-v2,
ffmpeg_ops-v2, sqlite3_ops-v2, py_sklearn_ops-v2, curl_ops-v2, jq_ops-v2,
cargo_ops-v2, py_networkx_ops-v2, ssh_ops-v2, adaptive_version_control-v3

